uikit/build/outputs/logs/manifest-merger-debug-report.txt
-- Merging decision tree log ---
manifest
ADDED from ls\uikit\AndroidManifest.xml:1:1-182:12
INJECTED from ls\uikit\AndroidManifest.xml:1:1-182:12
INJECTED from ls\uikit\AndroidManifest.xml:1:1-182:12
INJECTED from ls\uikit\AndroidManifest.xml:1:1-182:12
INJECTED from ls\uikit\AndroidManifest.xml:1:1-182:12
INJECTED from ls\uikit\AndroidManifest.xml:1:1-182:12
INJECTED from ls\uikit\AndroidManifest.xml:1:1-182:12
	package
		ADDED from ls\uikit\AndroidManifest.xml:2:5-29
		INJECTED from ls\uikit\AndroidManifest.xml
		INJECTED from ls\uikit\AndroidManifest.xml
	android:versionName
		INJECTED from ls\uikit\AndroidManifest.xml
		ADDED from ls\uikit\AndroidManifest.xml:1:1-182:12
		INJECTED from ls\uikit\AndroidManifest.xml
	android:versionCode
		INJECTED from ls\uikit\AndroidManifest.xml
		ADDED from ls\uikit\AndroidManifest.xml:1:1-182:12
		INJECTED from ls\uikit\AndroidManifest.xml
	xmlns:android
		ADDED from ls\uikit\AndroidManifest.xml:1:11-69
application
ADDED from ls\uikit\AndroidManifest.xml:5:5-181:19
meta-data#com.qysd.uikit.support.glide.NIMGlideModule
ADDED from ls\uikit\AndroidManifest.xml:7:9-9:43
	android:value
		ADDED from ls\uikit\AndroidManifest.xml:9:13-40
	android:name
		ADDED from ls\uikit\AndroidManifest.xml:8:13-71
activity#com.qysd.uikit.business.session.activity.P2PMessageActivity
ADDED from ls\uikit\AndroidManifest.xml:14:9-19:70
	android:screenOrientation
		ADDED from ls\uikit\AndroidManifest.xml:17:13-49
	android:windowSoftInputMode
		ADDED from ls\uikit\AndroidManifest.xml:19:13-67
	android:configChanges
		ADDED from ls\uikit\AndroidManifest.xml:16:13-63
	android:theme
		ADDED from ls\uikit\AndroidManifest.xml:18:13-56
	android:name
		ADDED from ls\uikit\AndroidManifest.xml:15:13-87
activity#com.qysd.uikit.business.session.activity.TeamMessageActivity
ADDED from ls\uikit\AndroidManifest.xml:20:9-25:70
	android:screenOrientation
		ADDED from ls\uikit\AndroidManifest.xml:23:13-49
	android:windowSoftInputMode
		ADDED from ls\uikit\AndroidManifest.xml:25:13-67
	android:configChanges
		ADDED from ls\uikit\AndroidManifest.xml:22:13-63
	android:theme
		ADDED from ls\uikit\AndroidManifest.xml:24:13-56
	android:name
		ADDED from ls\uikit\AndroidManifest.xml:21:13-88
activity#com.qysd.uikit.business.team.activity.NormalTeamInfoActivity
ADDED from ls\uikit\AndroidManifest.xml:28:9-33:70
	android:screenOrientation
		ADDED from ls\uikit\AndroidManifest.xml:31:13-49
	android:windowSoftInputMode
		ADDED from ls\uikit\AndroidManifest.xml:33:13-67
	android:configChanges
		ADDED from ls\uikit\AndroidManifest.xml:30:13-63
	android:theme
		ADDED from ls\uikit\AndroidManifest.xml:32:13-56
	android:name
		ADDED from ls\uikit\AndroidManifest.xml:29:13-88
activity#com.qysd.uikit.business.team.activity.AdvancedTeamInfoActivity
ADDED from ls\uikit\AndroidManifest.xml:34:9-39:70
	android:screenOrientation
		ADDED from ls\uikit\AndroidManifest.xml:37:13-49
	android:windowSoftInputMode
		ADDED from ls\uikit\AndroidManifest.xml:39:13-67
	android:configChanges
		ADDED from ls\uikit\AndroidManifest.xml:36:13-63
	android:theme
		ADDED from ls\uikit\AndroidManifest.xml:38:13-56
	android:name
		ADDED from ls\uikit\AndroidManifest.xml:35:13-90
activity#com.qysd.uikit.business.team.activity.AdvancedTeamMemberActivity
ADDED from ls\uikit\AndroidManifest.xml:40:9-45:70
	android:screenOrientation
		ADDED from ls\uikit\AndroidManifest.xml:43:13-49
	android:windowSoftInputMode
		ADDED from ls\uikit\AndroidManifest.xml:45:13-67
	android:configChanges
		ADDED from ls\uikit\AndroidManifest.xml:42:13-63
	android:theme
		ADDED from ls\uikit\AndroidManifest.xml:44:13-56
	android:name
		ADDED from ls\uikit\AndroidManifest.xml:41:13-92
activity#com.qysd.uikit.business.team.activity.AdvancedTeamAnnounceActivity
ADDED from ls\uikit\AndroidManifest.xml:46:9-51:70
	android:screenOrientation
		ADDED from ls\uikit\AndroidManifest.xml:49:13-49
	android:windowSoftInputMode
		ADDED from ls\uikit\AndroidManifest.xml:51:13-67
	android:configChanges
		ADDED from ls\uikit\AndroidManifest.xml:48:13-63
	android:theme
		ADDED from ls\uikit\AndroidManifest.xml:50:13-56
	android:name
		ADDED from ls\uikit\AndroidManifest.xml:47:13-94
activity#com.qysd.uikit.business.team.activity.AdvancedTeamMemberInfoActivity
ADDED from ls\uikit\AndroidManifest.xml:52:9-57:70
	android:screenOrientation
		ADDED from ls\uikit\AndroidManifest.xml:55:13-49
	android:windowSoftInputMode
		ADDED from ls\uikit\AndroidManifest.xml:57:13-67
	android:configChanges
		ADDED from ls\uikit\AndroidManifest.xml:54:13-63
	android:theme
		ADDED from ls\uikit\AndroidManifest.xml:56:13-56
	android:name
		ADDED from ls\uikit\AndroidManifest.xml:53:13-96
activity#com.qysd.uikit.business.team.activity.AdvancedTeamNicknameActivity
ADDED from ls\uikit\AndroidManifest.xml:58:9-63:70
	android:screenOrientation
		ADDED from ls\uikit\AndroidManifest.xml:61:13-49
	android:windowSoftInputMode
		ADDED from ls\uikit\AndroidManifest.xml:63:13-67
	android:configChanges
		ADDED from ls\uikit\AndroidManifest.xml:60:13-63
	android:theme
		ADDED from ls\uikit\AndroidManifest.xml:62:13-56
	android:name
		ADDED from ls\uikit\AndroidManifest.xml:59:13-94
activity#com.qysd.uikit.business.team.activity.AdvancedTeamCreateAnnounceActivity
ADDED from ls\uikit\AndroidManifest.xml:64:9-69:70
	android:screenOrientation
		ADDED from ls\uikit\AndroidManifest.xml:67:13-49
	android:windowSoftInputMode
		ADDED from ls\uikit\AndroidManifest.xml:69:13-67
	android:configChanges
		ADDED from ls\uikit\AndroidManifest.xml:66:13-63
	android:theme
		ADDED from ls\uikit\AndroidManifest.xml:68:13-56
	android:name
		ADDED from ls\uikit\AndroidManifest.xml:65:13-100
activity#com.qysd.uikit.business.team.activity.TeamPropertySettingActivity
ADDED from ls\uikit\AndroidManifest.xml:70:9-75:70
	android:screenOrientation
		ADDED from ls\uikit\AndroidManifest.xml:73:13-49
	android:windowSoftInputMode
		ADDED from ls\uikit\AndroidManifest.xml:75:13-67
	android:configChanges
		ADDED from ls\uikit\AndroidManifest.xml:72:13-63
	android:theme
		ADDED from ls\uikit\AndroidManifest.xml:74:13-56
	android:name
		ADDED from ls\uikit\AndroidManifest.xml:71:13-93
activity#com.qysd.uikit.business.contact.selector.activity.ContactSelectActivity
ADDED from ls\uikit\AndroidManifest.xml:78:9-84:67
	android:screenOrientation
		ADDED from ls\uikit\AndroidManifest.xml:82:13-49
	android:label
		ADDED from ls\uikit\AndroidManifest.xml:81:13-53
	android:windowSoftInputMode
		ADDED from ls\uikit\AndroidManifest.xml:84:13-64
	android:configChanges
		ADDED from ls\uikit\AndroidManifest.xml:80:13-63
	android:theme
		ADDED from ls\uikit\AndroidManifest.xml:83:13-56
	android:name
		ADDED from ls\uikit\AndroidManifest.xml:79:13-99
activity#com.qysd.uikit.business.ait.selector.AitContactSelectorActivity
ADDED from ls\uikit\AndroidManifest.xml:87:9-90:59
	android:screenOrientation
		ADDED from ls\uikit\AndroidManifest.xml:89:13-49
	android:theme
		ADDED from ls\uikit\AndroidManifest.xml:90:13-56
	android:name
		ADDED from ls\uikit\AndroidManifest.xml:88:13-91
activity#com.qysd.uikit.common.media.picker.activity.PickImageActivity
ADDED from ls\uikit\AndroidManifest.xml:93:9-96:59
	android:screenOrientation
		ADDED from ls\uikit\AndroidManifest.xml:95:13-49
	android:theme
		ADDED from ls\uikit\AndroidManifest.xml:96:13-56
	android:name
		ADDED from ls\uikit\AndroidManifest.xml:94:13-89
activity#com.qysd.uikit.common.media.picker.activity.CropImageActivity
ADDED from ls\uikit\AndroidManifest.xml:97:9-100:59
	android:screenOrientation
		ADDED from ls\uikit\AndroidManifest.xml:99:13-49
	android:theme
		ADDED from ls\uikit\AndroidManifest.xml:100:13-56
	android:name
		ADDED from ls\uikit\AndroidManifest.xml:98:13-89
activity#com.qysd.uikit.common.media.picker.activity.PickerAlbumActivity
ADDED from ls\uikit\AndroidManifest.xml:101:9-104:59
	android:screenOrientation
		ADDED from ls\uikit\AndroidManifest.xml:103:13-49
	android:theme
		ADDED from ls\uikit\AndroidManifest.xml:104:13-56
	android:name
		ADDED from ls\uikit\AndroidManifest.xml:102:13-91
activity#com.qysd.uikit.common.media.picker.activity.PickerAlbumPreviewActivity
ADDED from ls\uikit\AndroidManifest.xml:105:9-108:59
	android:screenOrientation
		ADDED from ls\uikit\AndroidManifest.xml:107:13-49
	android:theme
		ADDED from ls\uikit\AndroidManifest.xml:108:13-56
	android:name
		ADDED from ls\uikit\AndroidManifest.xml:106:13-98
activity#com.qysd.uikit.common.media.picker.activity.PreviewImageFromLocalActivity
ADDED from ls\uikit\AndroidManifest.xml:109:9-114:70
	android:screenOrientation
		ADDED from ls\uikit\AndroidManifest.xml:112:13-49
	android:windowSoftInputMode
		ADDED from ls\uikit\AndroidManifest.xml:114:13-67
	android:configChanges
		ADDED from ls\uikit\AndroidManifest.xml:111:13-63
	android:theme
		ADDED from ls\uikit\AndroidManifest.xml:113:13-56
	android:name
		ADDED from ls\uikit\AndroidManifest.xml:110:13-101
activity#com.qysd.uikit.common.media.picker.activity.PreviewImageFromCameraActivity
ADDED from ls\uikit\AndroidManifest.xml:115:9-121:70
	android:screenOrientation
		ADDED from ls\uikit\AndroidManifest.xml:119:13-49
	android:label
		ADDED from ls\uikit\AndroidManifest.xml:118:13-53
	android:windowSoftInputMode
		ADDED from ls\uikit\AndroidManifest.xml:121:13-67
	android:configChanges
		ADDED from ls\uikit\AndroidManifest.xml:117:13-63
	android:theme
		ADDED from ls\uikit\AndroidManifest.xml:120:13-56
	android:name
		ADDED from ls\uikit\AndroidManifest.xml:116:13-102
activity#com.qysd.uikit.business.session.activity.CaptureVideoActivity
ADDED from ls\uikit\AndroidManifest.xml:124:9-129:70
	android:screenOrientation
		ADDED from ls\uikit\AndroidManifest.xml:127:13-49
	android:windowSoftInputMode
		ADDED from ls\uikit\AndroidManifest.xml:129:13-67
	android:configChanges
		ADDED from ls\uikit\AndroidManifest.xml:126:13-63
	android:theme
		ADDED from ls\uikit\AndroidManifest.xml:128:13-56
	android:name
		ADDED from ls\uikit\AndroidManifest.xml:125:13-89
activity#com.qysd.uikit.business.session.activity.WatchVideoActivity
ADDED from ls\uikit\AndroidManifest.xml:131:9-135:48
	android:label
		ADDED from ls\uikit\AndroidManifest.xml:134:13-47
	android:configChanges
		ADDED from ls\uikit\AndroidManifest.xml:133:13-74
	android:theme
		ADDED from ls\uikit\AndroidManifest.xml:135:13-45
	android:name
		ADDED from ls\uikit\AndroidManifest.xml:132:13-87
activity#com.qysd.uikit.business.session.activity.WatchMessagePictureActivity
ADDED from ls\uikit\AndroidManifest.xml:138:9-141:48
	android:configChanges
		ADDED from ls\uikit\AndroidManifest.xml:140:13-51
	android:theme
		ADDED from ls\uikit\AndroidManifest.xml:141:13-45
	android:name
		ADDED from ls\uikit\AndroidManifest.xml:139:13-96
activity#com.qysd.uikit.business.session.activity.WatchPicAndVideoMenuActivity
ADDED from ls\uikit\AndroidManifest.xml:143:9-146:48
	android:configChanges
		ADDED from ls\uikit\AndroidManifest.xml:145:13-51
	android:theme
		ADDED from ls\uikit\AndroidManifest.xml:146:13-45
	android:name
		ADDED from ls\uikit\AndroidManifest.xml:144:13-97
activity#com.qysd.uikit.business.team.activity.MessageHistoryActivity
ADDED from ls\uikit\AndroidManifest.xml:149:9-151:52
	android:screenOrientation
		ADDED from ls\uikit\AndroidManifest.xml:151:13-49
	android:name
		ADDED from ls\uikit\AndroidManifest.xml:150:13-74
activity#com.qysd.uikit.business.team.activity.lawtree.search.SearchMessageActivity
ADDED from ls\uikit\AndroidManifest.xml:152:9-154:52
	android:screenOrientation
		ADDED from ls\uikit\AndroidManifest.xml:154:13-49
	android:name
		ADDED from ls\uikit\AndroidManifest.xml:153:13-88
activity#com.qysd.uikit.business.team.activity.lawtree.search.DisplayMessageActivity
ADDED from ls\uikit\AndroidManifest.xml:155:9-157:52
	android:screenOrientation
		ADDED from ls\uikit\AndroidManifest.xml:157:13-49
	android:name
		ADDED from ls\uikit\AndroidManifest.xml:156:13-89
activity#com.qysd.uikit.business.team.activity.lawtree.AddQunPersonActivity
ADDED from ls\uikit\AndroidManifest.xml:158:9-160:52
	android:screenOrientation
		ADDED from ls\uikit\AndroidManifest.xml:160:13-49
	android:name
		ADDED from ls\uikit\AndroidManifest.xml:159:13-80
activity#com.qysd.uikit.business.team.activity.lawtree.ZhuangRangQunActivity
ADDED from ls\uikit\AndroidManifest.xml:161:9-163:52
	android:screenOrientation
		ADDED from ls\uikit\AndroidManifest.xml:163:13-49
	android:name
		ADDED from ls\uikit\AndroidManifest.xml:162:13-81
activity#com.qysd.uikit.business.team.activity.lawtree.AddQunPersonMqyActivity
ADDED from ls\uikit\AndroidManifest.xml:164:9-166:52
	android:screenOrientation
		ADDED from ls\uikit\AndroidManifest.xml:166:13-49
	android:name
		ADDED from ls\uikit\AndroidManifest.xml:165:13-83
activity#com.qysd.uikit.business.team.activity.lawtree.AddQunPersonWbqyActivity
ADDED from ls\uikit\AndroidManifest.xml:167:9-169:52
	android:screenOrientation
		ADDED from ls\uikit\AndroidManifest.xml:169:13-49
	android:name
		ADDED from ls\uikit\AndroidManifest.xml:168:13-84
provider#com.qysd.uikit.common.media.picker.model.GenericFileProvider
ADDED from ls\uikit\AndroidManifest.xml:172:9-180:20
	android:grantUriPermissions
		ADDED from ls\uikit\AndroidManifest.xml:176:13-47
	android:authorities
		ADDED from ls\uikit\AndroidManifest.xml:174:13-73
	android:exported
		ADDED from ls\uikit\AndroidManifest.xml:175:13-37
	android:name
		ADDED from ls\uikit\AndroidManifest.xml:173:13-88
meta-data#android.support.FILE_PROVIDER_PATHS
ADDED from ls\uikit\AndroidManifest.xml:177:13-179:58
	android:resource
		ADDED from ls\uikit\AndroidManifest.xml:179:17-55
	android:name
		ADDED from ls\uikit\AndroidManifest.xml:178:17-67
uses-sdk
INJECTED from ls\uikit\AndroidManifest.xml reason: use-sdk injection requested
INJECTED from ls\uikit\AndroidManifest.xml
INJECTED from ls\uikit\AndroidManifest.xml
INJECTED from ls\uikit\AndroidManifest.xml
INJECTED from ls\uikit\AndroidManifest.xml
	android:targetSdkVersion
		INJECTED from ls\uikit\AndroidManifest.xml
		ADDED from ls\uikit\AndroidManifest.xml
		INJECTED from ls\uikit\AndroidManifest.xml
	android:minSdkVersion
		INJECTED from ls\uikit\AndroidManifest.xml
		ADDED from ls\uikit\AndroidManifest.xml
		INJECTED from ls\uikit\AndroidManifest.xml